[{"line":1,"elements":[{"line":3,"name":"","description":"","type":"background","keyword":"Background","steps":[{"result":{"duration":8649000000,"status":"passed"},"line":4,"name":"Navigate to CampusTechnoStudy","match":{"location":"StepDefinitions.LoginSteps.navigateToCampusTechnoStudy()"},"keyword":"Given "}]},{"start_timestamp":"2022-11-02T20:37:00.183Z","before":[{"result":{"duration":3000000,"status":"passed"},"match":{"location":"StepDefinitions.Hooks.before()"}}],"line":31,"name":"Login Failure with invalid username or password","description":"","id":"login-functionality;login-failure-with-invalid-username-or-password;;2","after":[{"result":{"error_message":"java.lang.NullPointerException\n\tat StepDefinitions.Hooks.after(Hooks.java:45)\n","duration":3838000000,"status":"failed"},"match":{"location":"StepDefinitions.Hooks.after(io.cucumber.java.Scenario)"}}],"type":"scenario","keyword":"Scenario Outline","steps":[{"result":{"duration":1522000000,"status":"passed"},"line":19,"name":"User sends username and password","match":{"location":"StepDefinitions.DataTableSteps.userSendsUsernameAndPassword(io.cucumber.datatable.DataTable)"},"rows":[{"cells":["username","hsy@yahoo.com"]},{"cells":["password","Hy338"]}],"keyword":"When "},{"result":{"error_message":"org.openqa.selenium.ElementClickInterceptedException: element click intercepted: Element <button class=\"consent-give\">...</button> is not clickable at point (1198, 550). Other element would receive the click: <div _ngcontent-cvh-c157=\"\" class=\"hot-toast-bar-base\" aria-live=\"polite\" role=\"status\" style=\"--hot-toast-animation-state:paused; padding: 20px 16px; font-size: 16px; width: auto; max-width: var(--hot-toast-max-width,600px); background-color: rgb(211, 47, 47); color: white; box-shadow: rgba(0, 0, 0, 0.2) 0px 3px 5px -1px, rgba(0, 0, 0, 0.14) 0px 6px 10px 0px, rgba(0, 0, 0, 0.12) 0px 1px 18px 0px; animation: 350ms cubic-bezier(0.21, 1.02, 0.73, 1) 0s 1 normal forwards running hotToastEnterAnimationPositive, 800ms cubic-bezier(0.06, 0.71, 0.55, 1) 4000ms 1 normal forwards running hotToastExitAnimationPositive;\">...</div>\n  (Session info: chrome=107.0.5304.87)\nBuild info: version: '4.3.0', revision: 'a4995e2c09*'\nSystem info: host: 'computers-MBP.modem.local', ip: '192.168.1.187', os.name: 'Mac OS X', os.arch: 'x86_64', os.version: '10.15.7', java.version: '1.8.0_331'\nDriver info: org.openqa.selenium.chrome.ChromeDriver\nCommand: [91e40d380bcd3b5f8d79ce8fc3c2d7ba, clickElement {id=9b680686-f594-4f44-bb88-b4ef536bbc2a}]\nCapabilities {acceptInsecureCerts: false, browserName: chrome, browserVersion: 107.0.5304.87, chrome: {chromedriverVersion: 107.0.5304.62 (1eec40d3a576..., userDataDir: /var/folders/bw/vgwt5f2n3sx...}, goog:chromeOptions: {debuggerAddress: localhost:51552}, networkConnectionEnabled: false, pageLoadStrategy: normal, platformName: MAC, proxy: Proxy(), se:cdp: ws://localhost:51552/devtoo..., se:cdpVersion: 107.0.5304.87, setWindowRect: true, strictFileInteractability: false, timeouts: {implicit: 0, pageLoad: 300000, script: 30000}, unhandledPromptBehavior: dismiss and notify, webauthn:extension:credBlob: true, webauthn:extension:largeBlob: true, webauthn:virtualAuthenticators: true}\nElement: [[ChromeDriver: chrome on MAC (91e40d380bcd3b5f8d79ce8fc3c2d7ba)] -> xpath: //button[text()='Accept all cookies']]\nSession ID: 91e40d380bcd3b5f8d79ce8fc3c2d7ba\n\tat sun.reflect.NativeConstructorAccessorImpl.newInstance0(Native Method)\n\tat sun.reflect.NativeConstructorAccessorImpl.newInstance(NativeConstructorAccessorImpl.java:62)\n\tat sun.reflect.DelegatingConstructorAccessorImpl.newInstance(DelegatingConstructorAccessorImpl.java:45)\n\tat java.lang.reflect.Constructor.newInstance(Constructor.java:423)\n\tat org.openqa.selenium.remote.codec.w3c.W3CHttpResponseCodec.createException(W3CHttpResponseCodec.java:200)\n\tat org.openqa.selenium.remote.codec.w3c.W3CHttpResponseCodec.decode(W3CHttpResponseCodec.java:133)\n\tat org.openqa.selenium.remote.codec.w3c.W3CHttpResponseCodec.decode(W3CHttpResponseCodec.java:53)\n\tat org.openqa.selenium.remote.HttpCommandExecutor.execute(HttpCommandExecutor.java:184)\n\tat org.openqa.selenium.remote.service.DriverCommandExecutor.invokeExecute(DriverCommandExecutor.java:167)\n\tat org.openqa.selenium.remote.service.DriverCommandExecutor.execute(DriverCommandExecutor.java:142)\n\tat org.openqa.selenium.remote.RemoteWebDriver.execute(RemoteWebDriver.java:569)\n\tat org.openqa.selenium.remote.RemoteWebElement.execute(RemoteWebElement.java:257)\n\tat org.openqa.selenium.remote.RemoteWebElement.click(RemoteWebElement.java:78)\n\tat sun.reflect.NativeMethodAccessorImpl.invoke0(Native Method)\n\tat sun.reflect.NativeMethodAccessorImpl.invoke(NativeMethodAccessorImpl.java:62)\n\tat sun.reflect.DelegatingMethodAccessorImpl.invoke(DelegatingMethodAccessorImpl.java:43)\n\tat java.lang.reflect.Method.invoke(Method.java:498)\n\tat org.openqa.selenium.support.pagefactory.internal.LocatingElementHandler.invoke(LocatingElementHandler.java:52)\n\tat com.sun.proxy.$Proxy27.click(Unknown Source)\n\tat Pages.Parent.clickFunction(Parent.java:31)\n\tat Pages.Locators.findAndClick(Locators.java:50)\n\tat StepDefinitions.DataTableSteps.userPressLoginButton(DataTableSteps.java:28)\n\tat ✽.User press login button(file:///Users/computer/Documents/TECH.%20STUDY/IdeaProjects/SoftSkilCucumber/src/test/java/FeatureFiles/_2_DataTableLogin.feature:23)\n","duration":1666000000,"status":"failed"},"line":23,"name":"User press login button","match":{"location":"StepDefinitions.DataTableSteps.userPressLoginButton(io.cucumber.datatable.DataTable)"},"rows":[{"cells":["loginButton"]},{"cells":["cooky"]}],"keyword":"And "},{"result":{"duration":1000000,"status":"skipped"},"line":27,"name":"User should not login","match":{"location":"StepDefinitions.LoginSteps.userShouldNotLogin()"},"keyword":"Then "}],"tags":[{"name":"@Regression"}]},{"line":3,"name":"","description":"","type":"background","keyword":"Background","steps":[{"result":{"duration":2518000000,"status":"passed"},"line":4,"name":"Navigate to CampusTechnoStudy","match":{"location":"StepDefinitions.LoginSteps.navigateToCampusTechnoStudy()"},"keyword":"Given "}]},{"start_timestamp":"2022-11-02T20:37:15.969Z","before":[{"result":{"status":"passed"},"match":{"location":"StepDefinitions.Hooks.before()"}}],"line":32,"name":"Login Failure with invalid username or password","description":"","id":"login-functionality;login-failure-with-invalid-username-or-password;;3","after":[{"result":{"error_message":"java.lang.NullPointerException\n\tat StepDefinitions.Hooks.after(Hooks.java:45)\n","duration":620000000,"status":"failed"},"match":{"location":"StepDefinitions.Hooks.after(io.cucumber.java.Scenario)"}}],"type":"scenario","keyword":"Scenario Outline","steps":[{"result":{"duration":2008000000,"status":"passed"},"line":19,"name":"User sends username and password","match":{"location":"StepDefinitions.DataTableSteps.userSendsUsernameAndPassword(io.cucumber.datatable.DataTable)"},"rows":[{"cells":["username","hsyilmaz1979@gmail.com"]},{"cells":["password","hy308"]}],"keyword":"When "},{"result":{"error_message":"org.openqa.selenium.ElementClickInterceptedException: element click intercepted: Element <button class=\"consent-give\">...</button> is not clickable at point (1198, 550). Other element would receive the click: <div _ngcontent-aka-c157=\"\" class=\"hot-toast-bar-base\" aria-live=\"polite\" role=\"status\" style=\"--hot-toast-animation-state:paused; padding: 20px 16px; font-size: 16px; width: auto; max-width: var(--hot-toast-max-width,600px); background-color: rgb(211, 47, 47); color: white; box-shadow: rgba(0, 0, 0, 0.2) 0px 3px 5px -1px, rgba(0, 0, 0, 0.14) 0px 6px 10px 0px, rgba(0, 0, 0, 0.12) 0px 1px 18px 0px; animation: 350ms cubic-bezier(0.21, 1.02, 0.73, 1) 0s 1 normal forwards running hotToastEnterAnimationPositive, 800ms cubic-bezier(0.06, 0.71, 0.55, 1) 4000ms 1 normal forwards running hotToastExitAnimationPositive;\">...</div>\n  (Session info: chrome=107.0.5304.87)\nBuild info: version: '4.3.0', revision: 'a4995e2c09*'\nSystem info: host: 'computers-MBP.modem.local', ip: '192.168.1.187', os.name: 'Mac OS X', os.arch: 'x86_64', os.version: '10.15.7', java.version: '1.8.0_331'\nDriver info: org.openqa.selenium.chrome.ChromeDriver\nCommand: [91e40d380bcd3b5f8d79ce8fc3c2d7ba, clickElement {id=44ddcf2b-1152-4adb-bbf0-28af1e44a4f8}]\nCapabilities {acceptInsecureCerts: false, browserName: chrome, browserVersion: 107.0.5304.87, chrome: {chromedriverVersion: 107.0.5304.62 (1eec40d3a576..., userDataDir: /var/folders/bw/vgwt5f2n3sx...}, goog:chromeOptions: {debuggerAddress: localhost:51552}, networkConnectionEnabled: false, pageLoadStrategy: normal, platformName: MAC, proxy: Proxy(), se:cdp: ws://localhost:51552/devtoo..., se:cdpVersion: 107.0.5304.87, setWindowRect: true, strictFileInteractability: false, timeouts: {implicit: 0, pageLoad: 300000, script: 30000}, unhandledPromptBehavior: dismiss and notify, webauthn:extension:credBlob: true, webauthn:extension:largeBlob: true, webauthn:virtualAuthenticators: true}\nElement: [[ChromeDriver: chrome on MAC (91e40d380bcd3b5f8d79ce8fc3c2d7ba)] -> xpath: //button[text()='Accept all cookies']]\nSession ID: 91e40d380bcd3b5f8d79ce8fc3c2d7ba\n\tat sun.reflect.NativeConstructorAccessorImpl.newInstance0(Native Method)\n\tat sun.reflect.NativeConstructorAccessorImpl.newInstance(NativeConstructorAccessorImpl.java:62)\n\tat sun.reflect.DelegatingConstructorAccessorImpl.newInstance(DelegatingConstructorAccessorImpl.java:45)\n\tat java.lang.reflect.Constructor.newInstance(Constructor.java:423)\n\tat org.openqa.selenium.remote.codec.w3c.W3CHttpResponseCodec.createException(W3CHttpResponseCodec.java:200)\n\tat org.openqa.selenium.remote.codec.w3c.W3CHttpResponseCodec.decode(W3CHttpResponseCodec.java:133)\n\tat org.openqa.selenium.remote.codec.w3c.W3CHttpResponseCodec.decode(W3CHttpResponseCodec.java:53)\n\tat org.openqa.selenium.remote.HttpCommandExecutor.execute(HttpCommandExecutor.java:184)\n\tat org.openqa.selenium.remote.service.DriverCommandExecutor.invokeExecute(DriverCommandExecutor.java:167)\n\tat org.openqa.selenium.remote.service.DriverCommandExecutor.execute(DriverCommandExecutor.java:142)\n\tat org.openqa.selenium.remote.RemoteWebDriver.execute(RemoteWebDriver.java:569)\n\tat org.openqa.selenium.remote.RemoteWebElement.execute(RemoteWebElement.java:257)\n\tat org.openqa.selenium.remote.RemoteWebElement.click(RemoteWebElement.java:78)\n\tat sun.reflect.NativeMethodAccessorImpl.invoke0(Native Method)\n\tat sun.reflect.NativeMethodAccessorImpl.invoke(NativeMethodAccessorImpl.java:62)\n\tat sun.reflect.DelegatingMethodAccessorImpl.invoke(DelegatingMethodAccessorImpl.java:43)\n\tat java.lang.reflect.Method.invoke(Method.java:498)\n\tat org.openqa.selenium.support.pagefactory.internal.LocatingElementHandler.invoke(LocatingElementHandler.java:52)\n\tat com.sun.proxy.$Proxy27.click(Unknown Source)\n\tat Pages.Parent.clickFunction(Parent.java:31)\n\tat Pages.Locators.findAndClick(Locators.java:50)\n\tat StepDefinitions.DataTableSteps.userPressLoginButton(DataTableSteps.java:28)\n\tat ✽.User press login button(file:///Users/computer/Documents/TECH.%20STUDY/IdeaProjects/SoftSkilCucumber/src/test/java/FeatureFiles/_2_DataTableLogin.feature:23)\n","duration":1857000000,"status":"failed"},"line":23,"name":"User press login button","match":{"location":"StepDefinitions.DataTableSteps.userPressLoginButton(io.cucumber.datatable.DataTable)"},"rows":[{"cells":["loginButton"]},{"cells":["cooky"]}],"keyword":"And "},{"result":{"duration":1000000,"status":"skipped"},"line":27,"name":"User should not login","match":{"location":"StepDefinitions.LoginSteps.userShouldNotLogin()"},"keyword":"Then "}],"tags":[{"name":"@Regression"}]},{"line":3,"name":"","description":"","type":"background","keyword":"Background","steps":[{"result":{"duration":3188000000,"status":"passed"},"line":4,"name":"Navigate to CampusTechnoStudy","match":{"location":"StepDefinitions.LoginSteps.navigateToCampusTechnoStudy()"},"keyword":"Given "}]},{"start_timestamp":"2022-11-02T20:37:23.008Z","before":[{"result":{"status":"passed"},"match":{"location":"StepDefinitions.Hooks.before()"}}],"line":33,"name":"Login Failure with invalid username or password","description":"","id":"login-functionality;login-failure-with-invalid-username-or-password;;4","after":[{"result":{"duration":5287000000,"status":"passed"},"match":{"location":"StepDefinitions.Hooks.after(io.cucumber.java.Scenario)"}}],"type":"scenario","keyword":"Scenario Outline","steps":[{"result":{"duration":1784000000,"status":"passed"},"line":19,"name":"User sends username and password","match":{"location":"StepDefinitions.DataTableSteps.userSendsUsernameAndPassword(io.cucumber.datatable.DataTable)"},"rows":[{"cells":["username","mailman@Hotmail.com"]},{"cells":["password","Hy333"]}],"keyword":"When "},{"result":{"duration":298000000,"status":"passed"},"line":23,"name":"User press login button","match":{"location":"StepDefinitions.DataTableSteps.userPressLoginButton(io.cucumber.datatable.DataTable)"},"rows":[{"cells":["loginButton"]},{"cells":["cooky"]}],"keyword":"And "},{"result":{"duration":604000000,"status":"passed"},"line":27,"name":"User should not login","match":{"location":"StepDefinitions.LoginSteps.userShouldNotLogin()"},"keyword":"Then "}],"tags":[{"name":"@Regression"}]}],"name":"Login Functionality","description":"","id":"login-functionality","keyword":"Feature","uri":"file:src/test/java/FeatureFiles/_2_DataTableLogin.feature","tags":[]}]e.codec.w3c.W3CHttpResponseCodec.createException(W3CHttpResponseCodec.java:200)\n\tat org.openqa.selenium.remote.codec.w3c.W3CHttpResponseCodec.decode(W3CHttpResponseCodec.java:133)\n\tat org.openqa.selenium.remote.codec.w3c.W3CHttpResponseCodec.decode(W3CHttpResponseCodec.java:53)\n\tat org.openqa.selenium.remote.HttpCommandExecutor.execute(HttpCommandExecutor.java:184)\n\tat org.openqa.selenium.remote.service.DriverCommandExecutor.invokeExecute(DriverCommandExecutor.java:167)\n\tat org.openqa.selenium.remote.service.DriverCommandExecutor.execute(DriverCommandExecutor.java:142)\n\tat org.openqa.selenium.remote.RemoteWebDriver.execute(RemoteWebDriver.java:569)\n\tat org.openqa.selenium.remote.RemoteWebElement.execute(RemoteWebElement.java:257)\n\tat org.openqa.selenium.remote.RemoteWebElement.click(RemoteWebElement.java:78)\n\tat sun.reflect.NativeMethodAccessorImpl.invoke0(Native Method)\n\tat sun.reflect.NativeMethodAccessorImpl.invoke(NativeMethodAccessorImpl.java:62)\n\tat sun.reflect.DelegatingMethodAccessorImpl.invoke(DelegatingMethodAccessorImpl.java:43)\n\tat java.lang.reflect.Method.invoke(Method.java:498)\n\tat org.openqa.selenium.support.pagefactory.internal.LocatingElementHandler.invoke(LocatingElementHandler.java:52)\n\tat com.sun.proxy.$Proxy27.click(Unknown Source)\n\tat Pages.Parent.clickFunction(Parent.java:31)\n\tat Pages.Locators.findAndClick(Locators.java:50)\n\tat StepDefinitions.DataTableSteps.userPressLoginButton(DataTableSteps.java:28)\n\tat ✽.User press login button(file:///Users/computer/Documents/TECH.%20STUDY/IdeaProjects/SoftSkilCucumber/src/test/java/FeatureFiles/_2_DataTableLogin.feature:23)\n","duration":780000000,"status":"failed"},"line":23,"name":"User press login button","match":{"location":"StepDefinitions.DataTableSteps.userPressLoginButton(io.cucumber.datatable.DataTable)"},"rows":[{"cells":["loginButton"]},{"cells":["cooky"]}],"keyword":"And "},{"result":{"status":"skipped"},"line":27,"name":"User should not login","match":{"location":"StepDefinitions.LoginSteps.userShouldNotLogin()"},"keyword":"Then "}],"tags":[{"name":"@Regression"}]}],"name":"Login Functionality","description":"","id":"login-functionality","keyword":"Feature","uri":"file:src/test/java/FeatureFiles/_2_DataTableLogin.feature","tags":[]}]