<?xml version="1.0" encoding="UTF-8"?>
<!-- Generated by org.testng.reporters.JUnitXMLReporter -->
<testsuite hostname="computers-MBP.modem.local" name="Test 2" tests="3" failures="0" timestamp="12 Sep 2022 09:58:00 GMT" time="43.978" errors="0">
  <testcase name="runScenario" time="17.862" classname="Runners._08_TestRunnerParallel_MasterReport"/>
  <testcase name="runScenario" time="12.823" classname="Runners._08_TestRunnerParallel_MasterReport"/>
  <testcase name="runScenario" time="11.974" classname="Runners._08_TestRunnerParallel_MasterReport"/>
</testsuite> <!-- Test 2 -->
