<?xml version="1.0" encoding="UTF-8"?>
<!-- Generated by org.testng.reporters.JUnitXMLReporter -->
<testsuite hostname="computers-MBP.modem.local" name="Test 2" tests="3" failures="1" timestamp="13 Oct 2022 14:26:46 GMT" time="41.801" errors="0">
  <testcase name="runScenario" time="16.886" classname="Runners._08_TestRunnerParallel_MasterReport">
    <failure type="org.openqa.selenium.ElementClickInterceptedException" message="element click intercepted: Element &amp;lt;button class=&amp;quot;consent-give&amp;quot;&amp;gt;...&amp;lt;/button&amp;gt; is not clickable at point (1198, 553). Other element would receive the click: &amp;lt;div _ngcontent-soc-c156=&amp;quot;&amp;quot; class=&amp;quot;hot-toast-bar-base&amp;quot; aria-live=&amp;quot;polite&amp;quot; role=&amp;quot;status&amp;quot; style=&amp;quot;--hot-toast-animation-state:paused; padding: 20px 16px; font-size: 16px; width: auto; max-width: var(--hot-toast-max-width,600px); background-color: rgb(211, 47, 47); color: white; box-shadow: rgba(0, 0, 0, 0.2) 0px 3px 5px -1px, rgba(0, 0, 0, 0.14) 0px 6px 10px 0px, rgba(0, 0, 0, 0.12) 0px 1px 18px 0px; animation: 350ms cubic-bezier(0.21, 1.02, 0.73, 1) 0s 1 normal forwards running hotToastEnterAnimationPositive, 800ms cubic-bezier(0.06, 0.71, 0.55, 1) 4000ms 1 normal forwards running hotToastExitAnimationPositive;&amp;quot;&amp;gt;...&amp;lt;/div&amp;gt;
  (Session info: chrome=106.0.5249.103)
Build info: version: &amp;apos;4.3.0&amp;apos;, revision: &amp;apos;a4995e2c09*&amp;apos;
System info: host: &amp;apos;computers-MBP.modem.local&amp;apos;, ip: &amp;apos;192.168.1.186&amp;apos;, os.name: &amp;apos;Mac OS X&amp;apos;, os.arch: &amp;apos;x86_64&amp;apos;, os.version: &amp;apos;10.15.7&amp;apos;, java.version: &amp;apos;1.8.0_331&amp;apos;
Driver info: org.openqa.selenium.chrome.ChromeDriver
Command: [e26124570bd4b86862a76780b7ed8378, clickElement {id=f4097f32-646b-4a5d-8a26-8258a92936ed}]
Capabilities {acceptInsecureCerts: false, browserName: chrome, browserVersion: 106.0.5249.103, chrome: {chromedriverVersion: 106.0.5249.61 (511755355844..., userDataDir: /var/folders/bw/vgwt5f2n3sx...}, goog:chromeOptions: {debuggerAddress: localhost:57493}, networkConnectionEnabled: false, pageLoadStrategy: normal, platformName: MAC, proxy: Proxy(), se:cdp: ws://localhost:57493/devtoo..., se:cdpVersion: 106.0.5249.103, setWindowRect: true, strictFileInteractability: false, timeouts: {implicit: 0, pageLoad: 300000, script: 30000}, unhandledPromptBehavior: dismiss and notify, webauthn:extension:credBlob: true, webauthn:extension:largeBlob: true, webauthn:virtualAuthenticators: true}
Element: [[ChromeDriver: chrome on MAC (e26124570bd4b86862a76780b7ed8378)] -&amp;gt; xpath: //button[text()=&amp;apos;Accept all cookies&amp;apos;]]
Session ID: e26124570bd4b86862a76780b7ed8378">
      <![CDATA[org.openqa.selenium.ElementClickInterceptedException: element click intercepted: Element <button class="consent-give">...</button> is not clickable at point (1198, 553). Other element would receive the click: <div _ngcontent-soc-c156="" class="hot-toast-bar-base" aria-live="polite" role="status" style="--hot-toast-animation-state:paused; padding: 20px 16px; font-size: 16px; width: auto; max-width: var(--hot-toast-max-width,600px); background-color: rgb(211, 47, 47); color: white; box-shadow: rgba(0, 0, 0, 0.2) 0px 3px 5px -1px, rgba(0, 0, 0, 0.14) 0px 6px 10px 0px, rgba(0, 0, 0, 0.12) 0px 1px 18px 0px; animation: 350ms cubic-bezier(0.21, 1.02, 0.73, 1) 0s 1 normal forwards running hotToastEnterAnimationPositive, 800ms cubic-bezier(0.06, 0.71, 0.55, 1) 4000ms 1 normal forwards running hotToastExitAnimationPositive;">...</div>
  (Session info: chrome=106.0.5249.103)
Build info: version: '4.3.0', revision: 'a4995e2c09*'
System info: host: 'computers-MBP.modem.local', ip: '192.168.1.186', os.name: 'Mac OS X', os.arch: 'x86_64', os.version: '10.15.7', java.version: '1.8.0_331'
Driver info: org.openqa.selenium.chrome.ChromeDriver
Command: [e26124570bd4b86862a76780b7ed8378, clickElement {id=f4097f32-646b-4a5d-8a26-8258a92936ed}]
Capabilities {acceptInsecureCerts: false, browserName: chrome, browserVersion: 106.0.5249.103, chrome: {chromedriverVersion: 106.0.5249.61 (511755355844..., userDataDir: /var/folders/bw/vgwt5f2n3sx...}, goog:chromeOptions: {debuggerAddress: localhost:57493}, networkConnectionEnabled: false, pageLoadStrategy: normal, platformName: MAC, proxy: Proxy(), se:cdp: ws://localhost:57493/devtoo..., se:cdpVersion: 106.0.5249.103, setWindowRect: true, strictFileInteractability: false, timeouts: {implicit: 0, pageLoad: 300000, script: 30000}, unhandledPromptBehavior: dismiss and notify, webauthn:extension:credBlob: true, webauthn:extension:largeBlob: true, webauthn:virtualAuthenticators: true}
Element: [[ChromeDriver: chrome on MAC (e26124570bd4b86862a76780b7ed8378)] -> xpath: //button[text()='Accept all cookies']]
Session ID: e26124570bd4b86862a76780b7ed8378
	at org.openqa.selenium.remote.codec.w3c.W3CHttpResponseCodec.createException(W3CHttpResponseCodec.java:200)
	at org.openqa.selenium.remote.codec.w3c.W3CHttpResponseCodec.decode(W3CHttpResponseCodec.java:133)
	at org.openqa.selenium.remote.codec.w3c.W3CHttpResponseCodec.decode(W3CHttpResponseCodec.java:53)
	at org.openqa.selenium.remote.HttpCommandExecutor.execute(HttpCommandExecutor.java:184)
	at org.openqa.selenium.remote.service.DriverCommandExecutor.invokeExecute(DriverCommandExecutor.java:167)
	at org.openqa.selenium.remote.service.DriverCommandExecutor.execute(DriverCommandExecutor.java:142)
	at org.openqa.selenium.remote.RemoteWebDriver.execute(RemoteWebDriver.java:569)
	at org.openqa.selenium.remote.RemoteWebElement.execute(RemoteWebElement.java:257)
	at org.openqa.selenium.remote.RemoteWebElement.click(RemoteWebElement.java:78)
	at org.openqa.selenium.support.pagefactory.internal.LocatingElementHandler.invoke(LocatingElementHandler.java:52)
	at com.sun.proxy.$Proxy26.click(Unknown Source)
	at Pages.Parent.clickFunction(Parent.java:31)
	at Pages.Locators.findAndClick(Locators.java:50)
	at StepDefinitions.DataTableSteps.userPressLoginButton(DataTableSteps.java:28)
	at ✽.User press login button(file:///Users/computer/IdeaProjects/SoftSkilCucumber/src/test/java/FeatureFiles/_2_DataTableLogin.feature:23)
... Removed 8 stack frames]]>
    </failure>
  </testcase> <!-- runScenario -->
  <testcase name="runScenario" time="10.347" classname="Runners._08_TestRunnerParallel_MasterReport"/>
  <testcase name="runScenario" time="13.153" classname="Runners._08_TestRunnerParallel_MasterReport"/>
</testsuite> <!-- Test 2 -->
