<?xml version="1.0" encoding="UTF-8"?>
<testng-results skipped="0" failed="4" total="6" passed="2">
  <reporter-output>
  </reporter-output>
  <suite name="Suit 1" duration-ms="130616" started-at="2022-11-02T09:48:34Z" finished-at="2022-11-02T09:50:45Z">
    <groups>
      <group name="cucumber">
        <method signature="AbstractTestNGCucumberTests.runScenario(io.cucumber.testng.PickleWrapper, io.cucumber.testng.FeatureWrapper)[pri:0, instance:Runners._08_TestRunnerParallel_MasterReport@31a5c39e]" name="runScenario" class="io.cucumber.testng.AbstractTestNGCucumberTests"/>
        <method signature="AbstractTestNGCucumberTests.runScenario(io.cucumber.testng.PickleWrapper, io.cucumber.testng.FeatureWrapper)[pri:0, instance:Runners._08_TestRunnerParallel_MasterReport@617faa95]" name="runScenario" class="io.cucumber.testng.AbstractTestNGCucumberTests"/>
      </group> <!-- cucumber -->
    </groups>
    <test name="Test 2" duration-ms="68871" started-at="2022-11-02T09:48:34Z" finished-at="2022-11-02T09:49:43Z">
      <class name="Runners._08_TestRunnerParallel_MasterReport">
        <test-method status="PASS" signature="setUpClass(org.testng.ITestContext)[pri:0, instance:Runners._08_TestRunnerParallel_MasterReport@617faa95]" name="setUpClass" is-config="true" duration-ms="1248" started-at="2022-11-02T12:48:34Z" finished-at="2022-11-02T12:48:35Z">
          <params>
            <param index="0">
              <value>
                <![CDATA[org.testng.TestRunner@47ef968d]]>
              </value>
            </param>
          </params>
          <reporter-output>
          </reporter-output>
        </test-method> <!-- setUpClass -->
        <test-method status="PASS" signature="beforeClass(java.lang.String)[pri:0, instance:Runners._08_TestRunnerParallel_MasterReport@617faa95]" name="beforeClass" is-config="true" duration-ms="5" started-at="2022-11-02T12:48:35Z" finished-at="2022-11-02T12:48:35Z">
          <params>
            <param index="0">
              <value>
                <![CDATA[chrome]]>
              </value>
            </param>
          </params>
          <reporter-output>
          </reporter-output>
        </test-method> <!-- beforeClass -->
        <test-method status="FAIL" signature="runScenario(io.cucumber.testng.PickleWrapper, io.cucumber.testng.FeatureWrapper)[pri:0, instance:Runners._08_TestRunnerParallel_MasterReport@617faa95]" name="runScenario" duration-ms="45443" started-at="2022-11-02T12:48:35Z" description="Runs Cucumber Scenarios" data-provider="scenarios" finished-at="2022-11-02T12:49:21Z">
          <params>
            <param index="0">
              <value>
                <![CDATA["Login Failure with invalid username or password"]]>
              </value>
            </param>
            <param index="1">
              <value>
                <![CDATA["Login Functionality"]]>
              </value>
            </param>
          </params>
          <exception class="org.openqa.selenium.TimeoutException">
            <message>
              <![CDATA[Expected condition failed: waiting for visibility of [[ChromeDriver: chrome on MAC (ae56dbcbca37a230bcc509894c79f98a)] -> css selector: [data-placeholder='Kullanıcı Adı']] (tried for 30 second(s) with 500 milliseconds interval)
Build info: version: '4.3.0', revision: 'a4995e2c09*'
System info: host: 'computers-MBP.modem.local', ip: '192.168.1.187', os.name: 'Mac OS X', os.arch: 'x86_64', os.version: '10.15.7', java.version: '1.8.0_331'
Driver info: org.openqa.selenium.chrome.ChromeDriver
Capabilities {acceptInsecureCerts: false, browserName: chrome, browserVersion: 107.0.5304.87, chrome: {chromedriverVersion: 107.0.5304.62 (1eec40d3a576..., userDataDir: /var/folders/bw/vgwt5f2n3sx...}, goog:chromeOptions: {debuggerAddress: localhost:59910}, networkConnectionEnabled: false, pageLoadStrategy: normal, platformName: MAC, proxy: Proxy(), se:cdp: ws://localhost:59910/devtoo..., se:cdpVersion: 107.0.5304.87, setWindowRect: true, strictFileInteractability: false, timeouts: {implicit: 0, pageLoad: 300000, script: 30000}, unhandledPromptBehavior: dismiss and notify, webauthn:extension:credBlob: true, webauthn:extension:largeBlob: true, webauthn:virtualAuthenticators: true}
Session ID: ae56dbcbca37a230bcc509894c79f98a]]>
            </message>
            <full-stacktrace>
              <![CDATA[org.openqa.selenium.TimeoutException: Expected condition failed: waiting for visibility of [[ChromeDriver: chrome on MAC (ae56dbcbca37a230bcc509894c79f98a)] -> css selector: [data-placeholder='Kullanıcı Adı']] (tried for 30 second(s) with 500 milliseconds interval)
Build info: version: '4.3.0', revision: 'a4995e2c09*'
System info: host: 'computers-MBP.modem.local', ip: '192.168.1.187', os.name: 'Mac OS X', os.arch: 'x86_64', os.version: '10.15.7', java.version: '1.8.0_331'
Driver info: org.openqa.selenium.chrome.ChromeDriver
Capabilities {acceptInsecureCerts: false, browserName: chrome, browserVersion: 107.0.5304.87, chrome: {chromedriverVersion: 107.0.5304.62 (1eec40d3a576..., userDataDir: /var/folders/bw/vgwt5f2n3sx...}, goog:chromeOptions: {debuggerAddress: localhost:59910}, networkConnectionEnabled: false, pageLoadStrategy: normal, platformName: MAC, proxy: Proxy(), se:cdp: ws://localhost:59910/devtoo..., se:cdpVersion: 107.0.5304.87, setWindowRect: true, strictFileInteractability: false, timeouts: {implicit: 0, pageLoad: 300000, script: 30000}, unhandledPromptBehavior: dismiss and notify, webauthn:extension:credBlob: true, webauthn:extension:largeBlob: true, webauthn:virtualAuthenticators: true}
Session ID: ae56dbcbca37a230bcc509894c79f98a
	at org.openqa.selenium.support.ui.WebDriverWait.timeoutException(WebDriverWait.java:87)
	at org.openqa.selenium.support.ui.FluentWait.until(FluentWait.java:231)
	at Pages.Parent.waitUntilVisible(Parent.java:18)
	at Pages.Parent.sendKeysFunction(Parent.java:34)
	at Pages.Locators.findAndSend(Locators.java:40)
	at StepDefinitions.DataTableSteps.userSendsUsernameAndPassword(DataTableSteps.java:18)
	at ✽.User sends username and password(file:///Users/computer/Documents/TECH.%20STUDY/IdeaProjects/SoftSkilCucumber/src/test/java/FeatureFiles/_2_DataTableLogin.feature:19)
]]>
            </full-stacktrace>
          </exception> <!-- org.openqa.selenium.TimeoutException -->
          <reporter-output>
          </reporter-output>
        </test-method> <!-- runScenario -->
        <test-method status="PASS" signature="runScenario(io.cucumber.testng.PickleWrapper, io.cucumber.testng.FeatureWrapper)[pri:0, instance:Runners._08_TestRunnerParallel_MasterReport@617faa95]" name="runScenario" duration-ms="10689" started-at="2022-11-02T12:49:21Z" description="Runs Cucumber Scenarios" data-provider="scenarios" finished-at="2022-11-02T12:49:31Z">
          <params>
            <param index="0">
              <value>
                <![CDATA["Login Failure with invalid username or password"]]>
              </value>
            </param>
            <param index="1">
              <value>
                <![CDATA["Login Functionality"]]>
              </value>
            </param>
          </params>
          <reporter-output>
          </reporter-output>
        </test-method> <!-- runScenario -->
        <test-method status="PASS" signature="runScenario(io.cucumber.testng.PickleWrapper, io.cucumber.testng.FeatureWrapper)[pri:0, instance:Runners._08_TestRunnerParallel_MasterReport@617faa95]" name="runScenario" duration-ms="11359" started-at="2022-11-02T12:49:31Z" description="Runs Cucumber Scenarios" data-provider="scenarios" finished-at="2022-11-02T12:49:43Z">
          <params>
            <param index="0">
              <value>
                <![CDATA["Login Failure with invalid username or password"]]>
              </value>
            </param>
            <param index="1">
              <value>
                <![CDATA["Login Functionality"]]>
              </value>
            </param>
          </params>
          <reporter-output>
          </reporter-output>
        </test-method> <!-- runScenario -->
        <test-method status="PASS" signature="tearDownClass()[pri:0, instance:Runners._08_TestRunnerParallel_MasterReport@617faa95]" name="tearDownClass" is-config="true" duration-ms="104" started-at="2022-11-02T12:49:43Z" finished-at="2022-11-02T12:49:43Z">
          <reporter-output>
          </reporter-output>
        </test-method> <!-- tearDownClass -->
      </class> <!-- Runners._08_TestRunnerParallel_MasterReport -->
    </test> <!-- Test 2 -->
    <test name="Test 1" duration-ms="130616" started-at="2022-11-02T09:48:34Z" finished-at="2022-11-02T09:50:45Z">
      <class name="Runners._08_TestRunnerParallel_MasterReport">
        <test-method status="PASS" signature="setUpClass(org.testng.ITestContext)[pri:0, instance:Runners._08_TestRunnerParallel_MasterReport@31a5c39e]" name="setUpClass" is-config="true" duration-ms="1251" started-at="2022-11-02T12:48:34Z" finished-at="2022-11-02T12:48:35Z">
          <params>
            <param index="0">
              <value>
                <![CDATA[org.testng.TestRunner@5bc79255]]>
              </value>
            </param>
          </params>
          <reporter-output>
          </reporter-output>
        </test-method> <!-- setUpClass -->
        <test-method status="PASS" signature="beforeClass(java.lang.String)[pri:0, instance:Runners._08_TestRunnerParallel_MasterReport@31a5c39e]" name="beforeClass" is-config="true" duration-ms="0" started-at="2022-11-02T12:48:35Z" finished-at="2022-11-02T12:48:35Z">
          <params>
            <param index="0">
              <value>
                <![CDATA[firefox]]>
              </value>
            </param>
          </params>
          <reporter-output>
          </reporter-output>
        </test-method> <!-- beforeClass -->
        <test-method status="FAIL" signature="runScenario(io.cucumber.testng.PickleWrapper, io.cucumber.testng.FeatureWrapper)[pri:0, instance:Runners._08_TestRunnerParallel_MasterReport@31a5c39e]" name="runScenario" duration-ms="44647" started-at="2022-11-02T12:48:35Z" description="Runs Cucumber Scenarios" data-provider="scenarios" finished-at="2022-11-02T12:49:20Z">
          <params>
            <param index="0">
              <value>
                <![CDATA["Login Failure with invalid username or password"]]>
              </value>
            </param>
            <param index="1">
              <value>
                <![CDATA["Login Functionality"]]>
              </value>
            </param>
          </params>
          <exception class="org.apache.poi.EmptyFileException">
            <message>
              <![CDATA[The supplied file was empty (zero bytes long)]]>
            </message>
            <full-stacktrace>
              <![CDATA[org.apache.poi.EmptyFileException: The supplied file was empty (zero bytes long)
	at org.apache.poi.util.IOUtils.peekFirstNBytes(IOUtils.java:83)
	at org.apache.poi.util.IOUtils.peekFirst8Bytes(IOUtils.java:66)
	at org.apache.poi.poifs.filesystem.FileMagic.valueOf(FileMagic.java:171)
	at org.apache.poi.ss.usermodel.WorkbookFactory.create(WorkbookFactory.java:225)
	at org.apache.poi.ss.usermodel.WorkbookFactory.create(WorkbookFactory.java:198)
	at Utilities.ExcelUtility.writeExcel(ExcelUtility.java:81)
	at StepDefinitions.Hooks.after(Hooks.java:36)
]]>
            </full-stacktrace>
          </exception> <!-- org.apache.poi.EmptyFileException -->
          <reporter-output>
          </reporter-output>
        </test-method> <!-- runScenario -->
        <test-method status="FAIL" signature="runScenario(io.cucumber.testng.PickleWrapper, io.cucumber.testng.FeatureWrapper)[pri:0, instance:Runners._08_TestRunnerParallel_MasterReport@31a5c39e]" name="runScenario" duration-ms="33896" started-at="2022-11-02T12:49:20Z" description="Runs Cucumber Scenarios" data-provider="scenarios" finished-at="2022-11-02T12:49:54Z">
          <params>
            <param index="0">
              <value>
                <![CDATA["Login Failure with invalid username or password"]]>
              </value>
            </param>
            <param index="1">
              <value>
                <![CDATA["Login Functionality"]]>
              </value>
            </param>
          </params>
          <exception class="org.openqa.selenium.TimeoutException">
            <message>
              <![CDATA[Expected condition failed: waiting for element to be clickable: [[FirefoxDriver: firefox on MAC (ba5a4356-0042-42a7-aa68-ca39af361d7a)] -> xpath: //button[text()='Accept all cookies']] (tried for 30 second(s) with 500 milliseconds interval)
Build info: version: '4.3.0', revision: 'a4995e2c09*'
System info: host: 'computers-MBP.modem.local', ip: '192.168.1.187', os.name: 'Mac OS X', os.arch: 'x86_64', os.version: '10.15.7', java.version: '1.8.0_331'
Driver info: org.openqa.selenium.firefox.FirefoxDriver
Capabilities {acceptInsecureCerts: true, browserName: firefox, browserVersion: 104.0.2, moz:accessibilityChecks: false, moz:buildID: 20220902153754, moz:debuggerAddress: localhost:50936, moz:geckodriverVersion: 0.31.0, moz:headless: false, moz:platformVersion: 19.6.0, moz:processID: 7228, moz:profile: /var/folders/bw/vgwt5f2n3sx..., moz:shutdownTimeout: 60000, moz:useNonSpecCompliantPointerOrigin: false, moz:webdriverClick: true, moz:windowless: false, pageLoadStrategy: normal, platformName: MAC, proxy: Proxy(), se:cdp: ws://localhost:50936/devtoo..., se:cdpVersion: 85.0, setWindowRect: true, strictFileInteractability: false, timeouts: {implicit: 0, pageLoad: 300000, script: 30000}, unhandledPromptBehavior: dismiss and notify}
Session ID: ba5a4356-0042-42a7-aa68-ca39af361d7a]]>
            </message>
            <full-stacktrace>
              <![CDATA[org.openqa.selenium.TimeoutException: Expected condition failed: waiting for element to be clickable: [[FirefoxDriver: firefox on MAC (ba5a4356-0042-42a7-aa68-ca39af361d7a)] -> xpath: //button[text()='Accept all cookies']] (tried for 30 second(s) with 500 milliseconds interval)
Build info: version: '4.3.0', revision: 'a4995e2c09*'
System info: host: 'computers-MBP.modem.local', ip: '192.168.1.187', os.name: 'Mac OS X', os.arch: 'x86_64', os.version: '10.15.7', java.version: '1.8.0_331'
Driver info: org.openqa.selenium.firefox.FirefoxDriver
Capabilities {acceptInsecureCerts: true, browserName: firefox, browserVersion: 104.0.2, moz:accessibilityChecks: false, moz:buildID: 20220902153754, moz:debuggerAddress: localhost:50936, moz:geckodriverVersion: 0.31.0, moz:headless: false, moz:platformVersion: 19.6.0, moz:processID: 7228, moz:profile: /var/folders/bw/vgwt5f2n3sx..., moz:shutdownTimeout: 60000, moz:useNonSpecCompliantPointerOrigin: false, moz:webdriverClick: true, moz:windowless: false, pageLoadStrategy: normal, platformName: MAC, proxy: Proxy(), se:cdp: ws://localhost:50936/devtoo..., se:cdpVersion: 85.0, setWindowRect: true, strictFileInteractability: false, timeouts: {implicit: 0, pageLoad: 300000, script: 30000}, unhandledPromptBehavior: dismiss and notify}
Session ID: ba5a4356-0042-42a7-aa68-ca39af361d7a
	at org.openqa.selenium.support.ui.WebDriverWait.timeoutException(WebDriverWait.java:87)
	at org.openqa.selenium.support.ui.FluentWait.until(FluentWait.java:231)
	at Pages.Parent.waitUntilClickable(Parent.java:21)
	at Pages.Parent.clickFunction(Parent.java:29)
	at Pages.Locators.findAndClick(Locators.java:50)
	at StepDefinitions.DataTableSteps.userPressLoginButton(DataTableSteps.java:28)
	at ✽.User press login button(file:///Users/computer/Documents/TECH.%20STUDY/IdeaProjects/SoftSkilCucumber/src/test/java/FeatureFiles/_2_DataTableLogin.feature:23)
]]>
            </full-stacktrace>
          </exception> <!-- org.openqa.selenium.TimeoutException -->
          <reporter-output>
          </reporter-output>
        </test-method> <!-- runScenario -->
        <test-method status="FAIL" signature="runScenario(io.cucumber.testng.PickleWrapper, io.cucumber.testng.FeatureWrapper)[pri:0, instance:Runners._08_TestRunnerParallel_MasterReport@31a5c39e]" name="runScenario" duration-ms="50747" started-at="2022-11-02T12:49:54Z" description="Runs Cucumber Scenarios" data-provider="scenarios" finished-at="2022-11-02T12:50:45Z">
          <params>
            <param index="0">
              <value>
                <![CDATA["Login Failure with invalid username or password"]]>
              </value>
            </param>
            <param index="1">
              <value>
                <![CDATA["Login Functionality"]]>
              </value>
            </param>
          </params>
          <exception class="org.openqa.selenium.TimeoutException">
            <message>
              <![CDATA[Expected condition failed: waiting for element to be clickable: [[FirefoxDriver: firefox on MAC (ba5a4356-0042-42a7-aa68-ca39af361d7a)] -> xpath: //button[text()='Accept all cookies']] (tried for 30 second(s) with 500 milliseconds interval)
Build info: version: '4.3.0', revision: 'a4995e2c09*'
System info: host: 'computers-MBP.modem.local', ip: '192.168.1.187', os.name: 'Mac OS X', os.arch: 'x86_64', os.version: '10.15.7', java.version: '1.8.0_331'
Driver info: org.openqa.selenium.firefox.FirefoxDriver
Capabilities {acceptInsecureCerts: true, browserName: firefox, browserVersion: 104.0.2, moz:accessibilityChecks: false, moz:buildID: 20220902153754, moz:debuggerAddress: localhost:50936, moz:geckodriverVersion: 0.31.0, moz:headless: false, moz:platformVersion: 19.6.0, moz:processID: 7228, moz:profile: /var/folders/bw/vgwt5f2n3sx..., moz:shutdownTimeout: 60000, moz:useNonSpecCompliantPointerOrigin: false, moz:webdriverClick: true, moz:windowless: false, pageLoadStrategy: normal, platformName: MAC, proxy: Proxy(), se:cdp: ws://localhost:50936/devtoo..., se:cdpVersion: 85.0, setWindowRect: true, strictFileInteractability: false, timeouts: {implicit: 0, pageLoad: 300000, script: 30000}, unhandledPromptBehavior: dismiss and notify}
Session ID: ba5a4356-0042-42a7-aa68-ca39af361d7a]]>
            </message>
            <full-stacktrace>
              <![CDATA[org.openqa.selenium.TimeoutException: Expected condition failed: waiting for element to be clickable: [[FirefoxDriver: firefox on MAC (ba5a4356-0042-42a7-aa68-ca39af361d7a)] -> xpath: //button[text()='Accept all cookies']] (tried for 30 second(s) with 500 milliseconds interval)
Build info: version: '4.3.0', revision: 'a4995e2c09*'
System info: host: 'computers-MBP.modem.local', ip: '192.168.1.187', os.name: 'Mac OS X', os.arch: 'x86_64', os.version: '10.15.7', java.version: '1.8.0_331'
Driver info: org.openqa.selenium.firefox.FirefoxDriver
Capabilities {acceptInsecureCerts: true, browserName: firefox, browserVersion: 104.0.2, moz:accessibilityChecks: false, moz:buildID: 20220902153754, moz:debuggerAddress: localhost:50936, moz:geckodriverVersion: 0.31.0, moz:headless: false, moz:platformVersion: 19.6.0, moz:processID: 7228, moz:profile: /var/folders/bw/vgwt5f2n3sx..., moz:shutdownTimeout: 60000, moz:useNonSpecCompliantPointerOrigin: false, moz:webdriverClick: true, moz:windowless: false, pageLoadStrategy: normal, platformName: MAC, proxy: Proxy(), se:cdp: ws://localhost:50936/devtoo..., se:cdpVersion: 85.0, setWindowRect: true, strictFileInteractability: false, timeouts: {implicit: 0, pageLoad: 300000, script: 30000}, unhandledPromptBehavior: dismiss and notify}
Session ID: ba5a4356-0042-42a7-aa68-ca39af361d7a
	at org.openqa.selenium.support.ui.WebDriverWait.timeoutException(WebDriverWait.java:87)
	at org.openqa.selenium.support.ui.FluentWait.until(FluentWait.java:231)
	at Pages.Parent.waitUntilClickable(Parent.java:21)
	at Pages.Parent.clickFunction(Parent.java:29)
	at Pages.Locators.findAndClick(Locators.java:50)
	at StepDefinitions.DataTableSteps.userPressLoginButton(DataTableSteps.java:28)
	at ✽.User press login button(file:///Users/computer/Documents/TECH.%20STUDY/IdeaProjects/SoftSkilCucumber/src/test/java/FeatureFiles/_2_DataTableLogin.feature:23)
]]>
            </full-stacktrace>
          </exception> <!-- org.openqa.selenium.TimeoutException -->
          <reporter-output>
          </reporter-output>
        </test-method> <!-- runScenario -->
        <test-method status="PASS" signature="tearDownClass()[pri:0, instance:Runners._08_TestRunnerParallel_MasterReport@31a5c39e]" name="tearDownClass" is-config="true" duration-ms="36" started-at="2022-11-02T12:50:45Z" finished-at="2022-11-02T12:50:45Z">
          <reporter-output>
          </reporter-output>
        </test-method> <!-- tearDownClass -->
      </class> <!-- Runners._08_TestRunnerParallel_MasterReport -->
    </test> <!-- Test 1 -->
  </suite> <!-- Suit 1 -->
</testng-results>
