<?xml version="1.0" encoding="UTF-8"?>
<testng-results skipped="0" failed="2" total="6" passed="4">
  <reporter-output>
  </reporter-output>
  <suite name="Suit 1" duration-ms="54303" started-at="2022-09-12T09:57:16Z" finished-at="2022-09-12T09:58:10Z">
    <groups>
      <group name="cucumber">
        <method signature="AbstractTestNGCucumberTests.runScenario(io.cucumber.testng.PickleWrapper, io.cucumber.testng.FeatureWrapper)[pri:0, instance:Runners._08_TestRunnerParallel_MasterReport@6fd02e5]" name="runScenario" class="io.cucumber.testng.AbstractTestNGCucumberTests"/>
        <method signature="AbstractTestNGCucumberTests.runScenario(io.cucumber.testng.PickleWrapper, io.cucumber.testng.FeatureWrapper)[pri:0, instance:Runners._08_TestRunnerParallel_MasterReport@dc24521]" name="runScenario" class="io.cucumber.testng.AbstractTestNGCucumberTests"/>
      </group> <!-- cucumber -->
    </groups>
    <test name="Test 2" duration-ms="43978" started-at="2022-09-12T09:57:16Z" finished-at="2022-09-12T09:57:59Z">
      <class name="Runners._08_TestRunnerParallel_MasterReport">
        <test-method status="PASS" signature="setUpClass(org.testng.ITestContext)[pri:0, instance:Runners._08_TestRunnerParallel_MasterReport@dc24521]" name="setUpClass" is-config="true" duration-ms="1157" started-at="2022-09-12T12:57:16Z" finished-at="2022-09-12T12:57:17Z">
          <params>
            <param index="0">
              <value>
                <![CDATA[org.testng.TestRunner@61f8bee4]]>
              </value>
            </param>
          </params>
          <reporter-output>
          </reporter-output>
        </test-method> <!-- setUpClass -->
        <test-method status="PASS" signature="beforeClass(java.lang.String)[pri:0, instance:Runners._08_TestRunnerParallel_MasterReport@dc24521]" name="beforeClass" is-config="true" duration-ms="2" started-at="2022-09-12T12:57:17Z" finished-at="2022-09-12T12:57:17Z">
          <params>
            <param index="0">
              <value>
                <![CDATA[chrome]]>
              </value>
            </param>
          </params>
          <reporter-output>
          </reporter-output>
        </test-method> <!-- beforeClass -->
        <test-method status="PASS" signature="runScenario(io.cucumber.testng.PickleWrapper, io.cucumber.testng.FeatureWrapper)[pri:0, instance:Runners._08_TestRunnerParallel_MasterReport@dc24521]" name="runScenario" duration-ms="17862" started-at="2022-09-12T12:57:17Z" description="Runs Cucumber Scenarios" data-provider="scenarios" finished-at="2022-09-12T12:57:35Z">
          <params>
            <param index="0">
              <value>
                <![CDATA["Login Failure with invalid username or password"]]>
              </value>
            </param>
            <param index="1">
              <value>
                <![CDATA["Login Functionality"]]>
              </value>
            </param>
          </params>
          <reporter-output>
          </reporter-output>
        </test-method> <!-- runScenario -->
        <test-method status="PASS" signature="runScenario(io.cucumber.testng.PickleWrapper, io.cucumber.testng.FeatureWrapper)[pri:0, instance:Runners._08_TestRunnerParallel_MasterReport@dc24521]" name="runScenario" duration-ms="12823" started-at="2022-09-12T12:57:35Z" description="Runs Cucumber Scenarios" data-provider="scenarios" finished-at="2022-09-12T12:57:47Z">
          <params>
            <param index="0">
              <value>
                <![CDATA["Login Failure with invalid username or password"]]>
              </value>
            </param>
            <param index="1">
              <value>
                <![CDATA["Login Functionality"]]>
              </value>
            </param>
          </params>
          <reporter-output>
          </reporter-output>
        </test-method> <!-- runScenario -->
        <test-method status="PASS" signature="runScenario(io.cucumber.testng.PickleWrapper, io.cucumber.testng.FeatureWrapper)[pri:0, instance:Runners._08_TestRunnerParallel_MasterReport@dc24521]" name="runScenario" duration-ms="11974" started-at="2022-09-12T12:57:47Z" description="Runs Cucumber Scenarios" data-provider="scenarios" finished-at="2022-09-12T12:57:59Z">
          <params>
            <param index="0">
              <value>
                <![CDATA["Login Failure with invalid username or password"]]>
              </value>
            </param>
            <param index="1">
              <value>
                <![CDATA["Login Functionality"]]>
              </value>
            </param>
          </params>
          <reporter-output>
          </reporter-output>
        </test-method> <!-- runScenario -->
        <test-method status="PASS" signature="tearDownClass()[pri:0, instance:Runners._08_TestRunnerParallel_MasterReport@dc24521]" name="tearDownClass" is-config="true" duration-ms="137" started-at="2022-09-12T12:57:59Z" finished-at="2022-09-12T12:57:59Z">
          <reporter-output>
          </reporter-output>
        </test-method> <!-- tearDownClass -->
      </class> <!-- Runners._08_TestRunnerParallel_MasterReport -->
    </test> <!-- Test 2 -->
    <test name="Test 1" duration-ms="54303" started-at="2022-09-12T09:57:16Z" finished-at="2022-09-12T09:58:10Z">
      <class name="Runners._08_TestRunnerParallel_MasterReport">
        <test-method status="PASS" signature="setUpClass(org.testng.ITestContext)[pri:0, instance:Runners._08_TestRunnerParallel_MasterReport@6fd02e5]" name="setUpClass" is-config="true" duration-ms="1158" started-at="2022-09-12T12:57:16Z" finished-at="2022-09-12T12:57:17Z">
          <params>
            <param index="0">
              <value>
                <![CDATA[org.testng.TestRunner@7b49cea0]]>
              </value>
            </param>
          </params>
          <reporter-output>
          </reporter-output>
        </test-method> <!-- setUpClass -->
        <test-method status="PASS" signature="beforeClass(java.lang.String)[pri:0, instance:Runners._08_TestRunnerParallel_MasterReport@6fd02e5]" name="beforeClass" is-config="true" duration-ms="1" started-at="2022-09-12T12:57:17Z" finished-at="2022-09-12T12:57:17Z">
          <params>
            <param index="0">
              <value>
                <![CDATA[firefox]]>
              </value>
            </param>
          </params>
          <reporter-output>
          </reporter-output>
        </test-method> <!-- beforeClass -->
        <test-method status="FAIL" signature="runScenario(io.cucumber.testng.PickleWrapper, io.cucumber.testng.FeatureWrapper)[pri:0, instance:Runners._08_TestRunnerParallel_MasterReport@6fd02e5]" name="runScenario" duration-ms="20948" started-at="2022-09-12T12:57:17Z" description="Runs Cucumber Scenarios" data-provider="scenarios" finished-at="2022-09-12T12:57:38Z">
          <params>
            <param index="0">
              <value>
                <![CDATA["Login Failure with invalid username or password"]]>
              </value>
            </param>
            <param index="1">
              <value>
                <![CDATA["Login Functionality"]]>
              </value>
            </param>
          </params>
          <exception class="org.openqa.selenium.ElementClickInterceptedException">
            <message>
              <![CDATA[Element <button class="consent-give"> is not clickable at point (1198,585) because another element <div class="hot-toast-bar-base"> obscures it
Build info: version: '4.3.0', revision: 'a4995e2c09*'
System info: host: 'computers-MBP.modem.local', ip: '192.168.1.186', os.name: 'Mac OS X', os.arch: 'x86_64', os.version: '10.15.7', java.version: '1.8.0_331'
Driver info: org.openqa.selenium.firefox.FirefoxDriver
Command: [5c9790bf-b8e6-4563-b595-73f26a47bb11, clickElement {id=f5a6daf1-709c-4b44-9107-639c670fd9d1}]
Capabilities {acceptInsecureCerts: true, browserName: firefox, browserVersion: 104.0.2, moz:accessibilityChecks: false, moz:buildID: 20220902153754, moz:debuggerAddress: localhost:51625, moz:geckodriverVersion: 0.31.0, moz:headless: false, moz:platformVersion: 19.6.0, moz:processID: 5873, moz:profile: /var/folders/bw/vgwt5f2n3sx..., moz:shutdownTimeout: 60000, moz:useNonSpecCompliantPointerOrigin: false, moz:webdriverClick: true, moz:windowless: false, pageLoadStrategy: normal, platformName: MAC, proxy: Proxy(), se:cdp: ws://localhost:51625/devtoo..., se:cdpVersion: 85.0, setWindowRect: true, strictFileInteractability: false, timeouts: {implicit: 0, pageLoad: 300000, script: 30000}, unhandledPromptBehavior: dismiss and notify}
Element: [[FirefoxDriver: firefox on MAC (5c9790bf-b8e6-4563-b595-73f26a47bb11)] -> xpath: //button[text()='Accept all cookies']]
Session ID: 5c9790bf-b8e6-4563-b595-73f26a47bb11]]>
            </message>
            <full-stacktrace>
              <![CDATA[org.openqa.selenium.ElementClickInterceptedException: Element <button class="consent-give"> is not clickable at point (1198,585) because another element <div class="hot-toast-bar-base"> obscures it
Build info: version: '4.3.0', revision: 'a4995e2c09*'
System info: host: 'computers-MBP.modem.local', ip: '192.168.1.186', os.name: 'Mac OS X', os.arch: 'x86_64', os.version: '10.15.7', java.version: '1.8.0_331'
Driver info: org.openqa.selenium.firefox.FirefoxDriver
Command: [5c9790bf-b8e6-4563-b595-73f26a47bb11, clickElement {id=f5a6daf1-709c-4b44-9107-639c670fd9d1}]
Capabilities {acceptInsecureCerts: true, browserName: firefox, browserVersion: 104.0.2, moz:accessibilityChecks: false, moz:buildID: 20220902153754, moz:debuggerAddress: localhost:51625, moz:geckodriverVersion: 0.31.0, moz:headless: false, moz:platformVersion: 19.6.0, moz:processID: 5873, moz:profile: /var/folders/bw/vgwt5f2n3sx..., moz:shutdownTimeout: 60000, moz:useNonSpecCompliantPointerOrigin: false, moz:webdriverClick: true, moz:windowless: false, pageLoadStrategy: normal, platformName: MAC, proxy: Proxy(), se:cdp: ws://localhost:51625/devtoo..., se:cdpVersion: 85.0, setWindowRect: true, strictFileInteractability: false, timeouts: {implicit: 0, pageLoad: 300000, script: 30000}, unhandledPromptBehavior: dismiss and notify}
Element: [[FirefoxDriver: firefox on MAC (5c9790bf-b8e6-4563-b595-73f26a47bb11)] -> xpath: //button[text()='Accept all cookies']]
Session ID: 5c9790bf-b8e6-4563-b595-73f26a47bb11
	at sun.reflect.NativeConstructorAccessorImpl.newInstance0(Native Method)
	at sun.reflect.NativeConstructorAccessorImpl.newInstance(NativeConstructorAccessorImpl.java:62)
	at sun.reflect.DelegatingConstructorAccessorImpl.newInstance(DelegatingConstructorAccessorImpl.java:45)
	at java.lang.reflect.Constructor.newInstance(Constructor.java:423)
	at org.openqa.selenium.remote.codec.w3c.W3CHttpResponseCodec.createException(W3CHttpResponseCodec.java:200)
	at org.openqa.selenium.remote.codec.w3c.W3CHttpResponseCodec.decode(W3CHttpResponseCodec.java:133)
	at org.openqa.selenium.remote.codec.w3c.W3CHttpResponseCodec.decode(W3CHttpResponseCodec.java:53)
	at org.openqa.selenium.remote.HttpCommandExecutor.execute(HttpCommandExecutor.java:184)
	at org.openqa.selenium.remote.service.DriverCommandExecutor.invokeExecute(DriverCommandExecutor.java:167)
	at org.openqa.selenium.remote.service.DriverCommandExecutor.execute(DriverCommandExecutor.java:142)
	at org.openqa.selenium.remote.RemoteWebDriver.execute(RemoteWebDriver.java:569)
	at org.openqa.selenium.remote.RemoteWebElement.execute(RemoteWebElement.java:257)
	at org.openqa.selenium.remote.RemoteWebElement.click(RemoteWebElement.java:78)
	at sun.reflect.NativeMethodAccessorImpl.invoke0(Native Method)
	at sun.reflect.NativeMethodAccessorImpl.invoke(NativeMethodAccessorImpl.java:62)
	at sun.reflect.DelegatingMethodAccessorImpl.invoke(DelegatingMethodAccessorImpl.java:43)
	at java.lang.reflect.Method.invoke(Method.java:498)
	at org.openqa.selenium.support.pagefactory.internal.LocatingElementHandler.invoke(LocatingElementHandler.java:52)
	at com.sun.proxy.$Proxy26.click(Unknown Source)
	at Pages.Parent.clickFunction(Parent.java:31)
	at Pages.Locators.findAndClick(Locators.java:50)
	at StepDefinitions.DataTableSteps.userPressLoginButton(DataTableSteps.java:25)
	at ✽.User press login button(file:///Users/computer/IdeaProjects/SoftSkilCucumber/src/test/java/FeatureFiles/_2_DataTableLogin.feature:22)
]]>
            </full-stacktrace>
          </exception> <!-- org.openqa.selenium.ElementClickInterceptedException -->
          <reporter-output>
          </reporter-output>
        </test-method> <!-- runScenario -->
        <test-method status="FAIL" signature="runScenario(io.cucumber.testng.PickleWrapper, io.cucumber.testng.FeatureWrapper)[pri:0, instance:Runners._08_TestRunnerParallel_MasterReport@6fd02e5]" name="runScenario" duration-ms="17053" started-at="2022-09-12T12:57:38Z" description="Runs Cucumber Scenarios" data-provider="scenarios" finished-at="2022-09-12T12:57:55Z">
          <params>
            <param index="0">
              <value>
                <![CDATA["Login Failure with invalid username or password"]]>
              </value>
            </param>
            <param index="1">
              <value>
                <![CDATA["Login Functionality"]]>
              </value>
            </param>
          </params>
          <exception class="org.openqa.selenium.ElementClickInterceptedException">
            <message>
              <![CDATA[Element <button class="consent-give"> is not clickable at point (1198,585) because another element <div class="hot-toast-bar-base"> obscures it
Build info: version: '4.3.0', revision: 'a4995e2c09*'
System info: host: 'computers-MBP.modem.local', ip: '192.168.1.186', os.name: 'Mac OS X', os.arch: 'x86_64', os.version: '10.15.7', java.version: '1.8.0_331'
Driver info: org.openqa.selenium.firefox.FirefoxDriver
Command: [08990059-7bd8-485a-81c0-bb3bce1ec173, clickElement {id=c83f5390-a005-43f7-b77c-9d4695f160da}]
Capabilities {acceptInsecureCerts: true, browserName: firefox, browserVersion: 104.0.2, moz:accessibilityChecks: false, moz:buildID: 20220902153754, moz:debuggerAddress: localhost:60019, moz:geckodriverVersion: 0.31.0, moz:headless: false, moz:platformVersion: 19.6.0, moz:processID: 5958, moz:profile: /var/folders/bw/vgwt5f2n3sx..., moz:shutdownTimeout: 60000, moz:useNonSpecCompliantPointerOrigin: false, moz:webdriverClick: true, moz:windowless: false, pageLoadStrategy: normal, platformName: MAC, proxy: Proxy(), se:cdp: ws://localhost:60019/devtoo..., se:cdpVersion: 85.0, setWindowRect: true, strictFileInteractability: false, timeouts: {implicit: 0, pageLoad: 300000, script: 30000}, unhandledPromptBehavior: dismiss and notify}
Element: [[FirefoxDriver: firefox on MAC (08990059-7bd8-485a-81c0-bb3bce1ec173)] -> xpath: //button[text()='Accept all cookies']]
Session ID: 08990059-7bd8-485a-81c0-bb3bce1ec173]]>
            </message>
            <full-stacktrace>
              <![CDATA[org.openqa.selenium.ElementClickInterceptedException: Element <button class="consent-give"> is not clickable at point (1198,585) because another element <div class="hot-toast-bar-base"> obscures it
Build info: version: '4.3.0', revision: 'a4995e2c09*'
System info: host: 'computers-MBP.modem.local', ip: '192.168.1.186', os.name: 'Mac OS X', os.arch: 'x86_64', os.version: '10.15.7', java.version: '1.8.0_331'
Driver info: org.openqa.selenium.firefox.FirefoxDriver
Command: [08990059-7bd8-485a-81c0-bb3bce1ec173, clickElement {id=c83f5390-a005-43f7-b77c-9d4695f160da}]
Capabilities {acceptInsecureCerts: true, browserName: firefox, browserVersion: 104.0.2, moz:accessibilityChecks: false, moz:buildID: 20220902153754, moz:debuggerAddress: localhost:60019, moz:geckodriverVersion: 0.31.0, moz:headless: false, moz:platformVersion: 19.6.0, moz:processID: 5958, moz:profile: /var/folders/bw/vgwt5f2n3sx..., moz:shutdownTimeout: 60000, moz:useNonSpecCompliantPointerOrigin: false, moz:webdriverClick: true, moz:windowless: false, pageLoadStrategy: normal, platformName: MAC, proxy: Proxy(), se:cdp: ws://localhost:60019/devtoo..., se:cdpVersion: 85.0, setWindowRect: true, strictFileInteractability: false, timeouts: {implicit: 0, pageLoad: 300000, script: 30000}, unhandledPromptBehavior: dismiss and notify}
Element: [[FirefoxDriver: firefox on MAC (08990059-7bd8-485a-81c0-bb3bce1ec173)] -> xpath: //button[text()='Accept all cookies']]
Session ID: 08990059-7bd8-485a-81c0-bb3bce1ec173
	at sun.reflect.NativeConstructorAccessorImpl.newInstance0(Native Method)
	at sun.reflect.NativeConstructorAccessorImpl.newInstance(NativeConstructorAccessorImpl.java:62)
	at sun.reflect.DelegatingConstructorAccessorImpl.newInstance(DelegatingConstructorAccessorImpl.java:45)
	at java.lang.reflect.Constructor.newInstance(Constructor.java:423)
	at org.openqa.selenium.remote.codec.w3c.W3CHttpResponseCodec.createException(W3CHttpResponseCodec.java:200)
	at org.openqa.selenium.remote.codec.w3c.W3CHttpResponseCodec.decode(W3CHttpResponseCodec.java:133)
	at org.openqa.selenium.remote.codec.w3c.W3CHttpResponseCodec.decode(W3CHttpResponseCodec.java:53)
	at org.openqa.selenium.remote.HttpCommandExecutor.execute(HttpCommandExecutor.java:184)
	at org.openqa.selenium.remote.service.DriverCommandExecutor.invokeExecute(DriverCommandExecutor.java:167)
	at org.openqa.selenium.remote.service.DriverCommandExecutor.execute(DriverCommandExecutor.java:142)
	at org.openqa.selenium.remote.RemoteWebDriver.execute(RemoteWebDriver.java:569)
	at org.openqa.selenium.remote.RemoteWebElement.execute(RemoteWebElement.java:257)
	at org.openqa.selenium.remote.RemoteWebElement.click(RemoteWebElement.java:78)
	at sun.reflect.NativeMethodAccessorImpl.invoke0(Native Method)
	at sun.reflect.NativeMethodAccessorImpl.invoke(NativeMethodAccessorImpl.java:62)
	at sun.reflect.DelegatingMethodAccessorImpl.invoke(DelegatingMethodAccessorImpl.java:43)
	at java.lang.reflect.Method.invoke(Method.java:498)
	at org.openqa.selenium.support.pagefactory.internal.LocatingElementHandler.invoke(LocatingElementHandler.java:52)
	at com.sun.proxy.$Proxy26.click(Unknown Source)
	at Pages.Parent.clickFunction(Parent.java:31)
	at Pages.Locators.findAndClick(Locators.java:50)
	at StepDefinitions.DataTableSteps.userPressLoginButton(DataTableSteps.java:25)
	at ✽.User press login button(file:///Users/computer/IdeaProjects/SoftSkilCucumber/src/test/java/FeatureFiles/_2_DataTableLogin.feature:22)
]]>
            </full-stacktrace>
          </exception> <!-- org.openqa.selenium.ElementClickInterceptedException -->
          <reporter-output>
          </reporter-output>
        </test-method> <!-- runScenario -->
        <test-method status="PASS" signature="runScenario(io.cucumber.testng.PickleWrapper, io.cucumber.testng.FeatureWrapper)[pri:0, instance:Runners._08_TestRunnerParallel_MasterReport@6fd02e5]" name="runScenario" duration-ms="15066" started-at="2022-09-12T12:57:55Z" description="Runs Cucumber Scenarios" data-provider="scenarios" finished-at="2022-09-12T12:58:10Z">
          <params>
            <param index="0">
              <value>
                <![CDATA["Login Failure with invalid username or password"]]>
              </value>
            </param>
            <param index="1">
              <value>
                <![CDATA["Login Functionality"]]>
              </value>
            </param>
          </params>
          <reporter-output>
          </reporter-output>
        </test-method> <!-- runScenario -->
        <test-method status="PASS" signature="tearDownClass()[pri:0, instance:Runners._08_TestRunnerParallel_MasterReport@6fd02e5]" name="tearDownClass" is-config="true" duration-ms="47" started-at="2022-09-12T12:58:10Z" finished-at="2022-09-12T12:58:10Z">
          <reporter-output>
          </reporter-output>
        </test-method> <!-- tearDownClass -->
      </class> <!-- Runners._08_TestRunnerParallel_MasterReport -->
    </test> <!-- Test 1 -->
  </suite> <!-- Suit 1 -->
</testng-results>
