<?xml version="1.0" encoding="UTF-8"?>
<testsuite xmlns:xsi="http://www.w3.org/2001/XMLSchema-instance" xsi:noNamespaceSchemaLocation="https://maven.apache.org/surefire/maven-surefire-plugin/xsd/surefire-test-report.xsd" name="TestSuite" time="131.177" tests="6" errors="0" skipped="0" failures="4">
  <properties>
[...]
</properties>
  <testcase name="runScenario" classname="Runners._08_TestRunnerParallel_MasterReport" time="44.663">
    <failure message="The supplied file was empty (zero bytes long)" type="org.apache.poi.EmptyFileException">org.apache.poi.EmptyFileException: The supplied file was empty (zero bytes long)
</failure>
    <system-out><![CDATA[
@Regression
Scenario Outline: Login Failure with invalid username or password &amp#27;[90m# src/test/java/FeatureFiles/_2_DataTableLogin.feature:31&amp#27;[0m

@Regression
Scenario Outline: Login Failure with invalid username or password &amp#27;[90m# src/test/java/FeatureFiles/_2_DataTableLogin.feature:31&amp#27;[0m
Scenario started
Scenario started
  &amp#27;[32mGiven &amp#27;[0m&amp#27;[32mNavigate to CampusTechnoStudy&amp#27;[0m                             &amp#27;[90m# StepDefinitions.LoginSteps.navigateToCampusTechnoStudy()&amp#27;[0m
  &amp#27;[32mGiven &amp#27;[0m&amp#27;[32mNavigate to CampusTechnoStudy&amp#27;[0m                             &amp#27;[90m# StepDefinitions.LoginSteps.navigateToCampusTechnoStudy()&amp#27;[0m
  &amp#27;[31mWhen &amp#27;[0m&amp#27;[31mUser sends username and password&amp#27;[0m                           &amp#27;[90m# StepDefinitions.DataTableSteps.userSendsUsernameAndPassword(io.cucumber.datatable.DataTable)&amp#27;[0m
    | username | hsy@yahoo.com |
    | password | Hy338         |
      &amp#27;[31morg.openqa.selenium.TimeoutException: Expected condition failed: waiting for visibility of [[ChromeDriver: chrome on MAC (ae56dbcbca37a230bcc509894c79f98a)] -> css selector: [data-placeholder='Kullanıcı Adı']] (tried for 30 second(s) with 500 milliseconds interval)
Build info: version: '4.3.0', revision: 'a4995e2c09*'
System info: host: 'computers-MBP.modem.local', ip: '192.168.1.187', os.name: 'Mac OS X', os.arch: 'x86_64', os.version: '10.15.7', java.version: '1.8.0_331'
Driver info: org.openqa.selenium.chrome.ChromeDriver
Capabilities {acceptInsecureCerts: false, browserName: chrome, browserVersion: 107.0.5304.87, chrome: {chromedriverVersion: 107.0.5304.62 (1eec40d3a576..., userDataDir: /var/folders/bw/vgwt5f2n3sx...}, goog:chromeOptions: {debuggerAddress: localhost:59910}, networkConnectionEnabled: false, pageLoadStrategy: normal, platformName: MAC, proxy: Proxy(), se:cdp: ws://localhost:59910/devtoo..., se:cdpVersion: 107.0.5304.87, setWindowRect: true, strictFileInteractability: false, timeouts: {implicit: 0, pageLoad: 300000, script: 30000}, unhandledPromptBehavior: dismiss and notify, webauthn:extension:credBlob: true, webauthn:extension:largeBlob: true, webauthn:virtualAuthenticators: true}
Session ID: ae56dbcbca37a230bcc509894c79f98a
	at org.openqa.selenium.support.ui.WebDriverWait.timeoutException(WebDriverWait.java:87)
	at org.openqa.selenium.support.ui.FluentWait.until(FluentWait.java:231)
	at Pages.Parent.waitUntilVisible(Parent.java:18)
	at Pages.Parent.sendKeysFunction(Parent.java:34)
	at Pages.Locators.findAndSend(Locators.java:40)
	at StepDefinitions.DataTableSteps.userSendsUsernameAndPassword(DataTableSteps.java:18)
	at ✽.User sends username and password(file:///Users/computer/Documents/TECH.%20STUDY/IdeaProjects/SoftSkilCucumber/src/test/java/FeatureFiles/_2_DataTableLogin.feature:19)
&amp#27;[0m
  &amp#27;[36mAnd &amp#27;[0m&amp#27;[36mUser press login button&amp#27;[0m                                     &amp#27;[90m# StepDefinitions.DataTableSteps.userPressLoginButton(io.cucumber.datatable.DataTable)&amp#27;[0m
    | loginButton |
    | cooky       |
  &amp#27;[36mThen &amp#27;[0m&amp#27;[36mUser should not login&amp#27;[0m                                      &amp#27;[90m# StepDefinitions.LoginSteps.userShouldNotLogin()&amp#27;[0m
Scenario ended
scenario result=FAILED
scenario isFailed ? = true
2
  &amp#27;[32mWhen &amp#27;[0m&amp#27;[32mUser sends username and password&amp#27;[0m                           &amp#27;[90m# StepDefinitions.DataTableSteps.userSendsUsernameAndPassword(io.cucumber.datatable.DataTable)&amp#27;[0m
    | username | hsy@yahoo.com |
    | password | Hy338         |
  &amp#27;[32mAnd &amp#27;[0m&amp#27;[32mUser press login button&amp#27;[0m                                     &amp#27;[90m# StepDefinitions.DataTableSteps.userPressLoginButton(io.cucumber.datatable.DataTable)&amp#27;[0m
    | loginButton |
    | cooky       |
  &amp#27;[32mThen &amp#27;[0m&amp#27;[32mUser should not login&amp#27;[0m                                      &amp#27;[90m# StepDefinitions.LoginSteps.userShouldNotLogin()&amp#27;[0m
Scenario ended
scenario result=PASSED
scenario isFailed ? = false
      &amp#27;[31morg.apache.poi.EmptyFileException: The supplied file was empty (zero bytes long)
	at org.apache.poi.util.IOUtils.peekFirstNBytes(IOUtils.java:83)
	at org.apache.poi.util.IOUtils.peekFirst8Bytes(IOUtils.java:66)
	at org.apache.poi.poifs.filesystem.FileMagic.valueOf(FileMagic.java:171)
	at org.apache.poi.ss.usermodel.WorkbookFactory.create(WorkbookFactory.java:225)
	at org.apache.poi.ss.usermodel.WorkbookFactory.create(WorkbookFactory.java:198)
	at Utilities.ExcelUtility.writeExcel(ExcelUtility.java:81)
	at StepDefinitions.Hooks.after(Hooks.java:36)
&amp#27;[0m
]]></system-out>
    <system-err><![CDATA[1667382517578	geckodriver	INFO	Listening on 127.0.0.1:49523
Starting ChromeDriver 107.0.5304.62 (1eec40d3a5764881c92085aaee66d25075c159aa-refs/branch-heads/5304@{#942}) on port 57497
Only local connections are allowed.
Please see https://chromedriver.chromium.org/security-considerations for suggestions on keeping ChromeDriver safe.
ChromeDriver was started successfully.
1667382518084	mozrunner::runner	INFO	Running command: "/Applications/Firefox.app/Contents/MacOS/firefox-bin" "--marionette" "--remote-debugging-port" "50936" "--remote-allow-hosts" "localhost" "--remote-allow-origins" "http://localhost:50936/" "-foreground" "-no-remote" "-profile" "/var/folders/bw/vgwt5f2n3sx12pdmyplfth7m0000gn/T/rust_mozprofileKFlzPV"
1667382520359	Marionette	INFO	Marionette enabled
1667382520502	Marionette	INFO	Listening on port 59914
WebDriver BiDi listening on ws://localhost:50936
Read port: 59914
Read port: 59914
1667382521979	RemoteAgent	WARN	TLS certificate errors will be ignored for this session
console.warn: SearchSettings: "get: No settings file exists, new profile?" (new NotFoundError("Could not open the file at /var/folders/bw/vgwt5f2n3sx12pdmyplfth7m0000gn/T/rust_mozprofileKFlzPV/search.json.mozlz4", (void 0)))
DevTools listening on ws://localhost:50936/devtools/browser/32f0ebc7-814a-4187-9374-990a9f025030
console.warn: LoginRecipes: "Falling back to a synchronous message for: https://campus.techno.study."
]]></system-err>
  </testcase>
  <testcase name="runScenario" classname="Runners._08_TestRunnerParallel_MasterReport" time="0.778">
    <failure message="Expected condition failed: waiting for visibility of [[ChromeDriver: chrome on MAC (ae56dbcbca37a230bcc509894c79f98a)] -&gt; css selector: [data-placeholder=&apos;Kullanıcı Adı&apos;]] (tried for 30 second(s) with 500 milliseconds interval)&#10;Build info: version: &apos;4.3.0&apos;, revision: &apos;a4995e2c09*&apos;&#10;System info: host: &apos;computers-MBP.modem.local&apos;, ip: &apos;192.168.1.187&apos;, os.name: &apos;Mac OS X&apos;, os.arch: &apos;x86_64&apos;, os.version: &apos;10.15.7&apos;, java.version: &apos;1.8.0_331&apos;&#10;Driver info: org.openqa.selenium.chrome.ChromeDriver&#10;Capabilities {acceptInsecureCerts: false, browserName: chrome, browserVersion: 107.0.5304.87, chrome: {chromedriverVersion: 107.0.5304.62 (1eec40d3a576..., userDataDir: /var/folders/bw/vgwt5f2n3sx...}, goog:chromeOptions: {debuggerAddress: localhost:59910}, networkConnectionEnabled: false, pageLoadStrategy: normal, platformName: MAC, proxy: Proxy(), se:cdp: ws://localhost:59910/devtoo..., se:cdpVersion: 107.0.5304.87, setWindowRect: true, strictFileInteractability: false, timeouts: {implicit: 0, pageLoad: 300000, script: 30000}, unhandledPromptBehavior: dismiss and notify, webauthn:extension:credBlob: true, webauthn:extension:largeBlob: true, webauthn:virtualAuthenticators: true}&#10;Session ID: ae56dbcbca37a230bcc509894c79f98a" type="org.openqa.selenium.TimeoutException">org.openqa.selenium.TimeoutException: 
Expected condition failed: waiting for visibility of [[ChromeDriver: chrome on MAC (ae56dbcbca37a230bcc509894c79f98a)] -> css selector: [data-placeholder='Kullanıcı Adı']] (tried for 30 second(s) with 500 milliseconds interval)
Build info: version: '4.3.0', revision: 'a4995e2c09*'
System info: host: 'computers-MBP.modem.local', ip: '192.168.1.187', os.name: 'Mac OS X', os.arch: 'x86_64', os.version: '10.15.7', java.version: '1.8.0_331'
Driver info: org.openqa.selenium.chrome.ChromeDriver
Capabilities {acceptInsecureCerts: false, browserName: chrome, browserVersion: 107.0.5304.87, chrome: {chromedriverVersion: 107.0.5304.62 (1eec40d3a576..., userDataDir: /var/folders/bw/vgwt5f2n3sx...}, goog:chromeOptions: {debuggerAddress: localhost:59910}, networkConnectionEnabled: false, pageLoadStrategy: normal, platformName: MAC, proxy: Proxy(), se:cdp: ws://localhost:59910/devtoo..., se:cdpVersion: 107.0.5304.87, setWindowRect: true, strictFileInteractability: false, timeouts: {implicit: 0, pageLoad: 300000, script: 30000}, unhandledPromptBehavior: dismiss and notify, webauthn:extension:credBlob: true, webauthn:extension:largeBlob: true, webauthn:virtualAuthenticators: true}
Session ID: ae56dbcbca37a230bcc509894c79f98a
</failure>
    <system-out><![CDATA[
@Regression
Scenario Outline: Login Failure with invalid username or password &amp#27;[90m# src/test/java/FeatureFiles/_2_DataTableLogin.feature:32&amp#27;[0m
Scenario started
      &amp#27;[31mjava.lang.NullPointerException
	at StepDefinitions.Hooks.after(Hooks.java:45)
&amp#27;[0m
]]></system-out>
  </testcase>
  <testcase name="runScenario" classname="Runners._08_TestRunnerParallel_MasterReport" time="10.69"/>
  <testcase name="runScenario" classname="Runners._08_TestRunnerParallel_MasterReport" time="11.36"/>
  <testcase name="runScenario" classname="Runners._08_TestRunnerParallel_MasterReport" time="22.425">
    <failure message="Expected condition failed: waiting for element to be clickable: [[FirefoxDriver: firefox on MAC (ba5a4356-0042-42a7-aa68-ca39af361d7a)] -&gt; xpath: //button[text()=&apos;Accept all cookies&apos;]] (tried for 30 second(s) with 500 milliseconds interval)&#10;Build info: version: &apos;4.3.0&apos;, revision: &apos;a4995e2c09*&apos;&#10;System info: host: &apos;computers-MBP.modem.local&apos;, ip: &apos;192.168.1.187&apos;, os.name: &apos;Mac OS X&apos;, os.arch: &apos;x86_64&apos;, os.version: &apos;10.15.7&apos;, java.version: &apos;1.8.0_331&apos;&#10;Driver info: org.openqa.selenium.firefox.FirefoxDriver&#10;Capabilities {acceptInsecureCerts: true, browserName: firefox, browserVersion: 104.0.2, moz:accessibilityChecks: false, moz:buildID: 20220902153754, moz:debuggerAddress: localhost:50936, moz:geckodriverVersion: 0.31.0, moz:headless: false, moz:platformVersion: 19.6.0, moz:processID: 7228, moz:profile: /var/folders/bw/vgwt5f2n3sx..., moz:shutdownTimeout: 60000, moz:useNonSpecCompliantPointerOrigin: false, moz:webdriverClick: true, moz:windowless: false, pageLoadStrategy: normal, platformName: MAC, proxy: Proxy(), se:cdp: ws://localhost:50936/devtoo..., se:cdpVersion: 85.0, setWindowRect: true, strictFileInteractability: false, timeouts: {implicit: 0, pageLoad: 300000, script: 30000}, unhandledPromptBehavior: dismiss and notify}&#10;Session ID: ba5a4356-0042-42a7-aa68-ca39af361d7a" type="org.openqa.selenium.TimeoutException">org.openqa.selenium.TimeoutException: 
Expected condition failed: waiting for element to be clickable: [[FirefoxDriver: firefox on MAC (ba5a4356-0042-42a7-aa68-ca39af361d7a)] -> xpath: //button[text()='Accept all cookies']] (tried for 30 second(s) with 500 milliseconds interval)
Build info: version: '4.3.0', revision: 'a4995e2c09*'
System info: host: 'computers-MBP.modem.local', ip: '192.168.1.187', os.name: 'Mac OS X', os.arch: 'x86_64', os.version: '10.15.7', java.version: '1.8.0_331'
Driver info: org.openqa.selenium.firefox.FirefoxDriver
Capabilities {acceptInsecureCerts: true, browserName: firefox, browserVersion: 104.0.2, moz:accessibilityChecks: false, moz:buildID: 20220902153754, moz:debuggerAddress: localhost:50936, moz:geckodriverVersion: 0.31.0, moz:headless: false, moz:platformVersion: 19.6.0, moz:processID: 7228, moz:profile: /var/folders/bw/vgwt5f2n3sx..., moz:shutdownTimeout: 60000, moz:useNonSpecCompliantPointerOrigin: false, moz:webdriverClick: true, moz:windowless: false, pageLoadStrategy: normal, platformName: MAC, proxy: Proxy(), se:cdp: ws://localhost:50936/devtoo..., se:cdpVersion: 85.0, setWindowRect: true, strictFileInteractability: false, timeouts: {implicit: 0, pageLoad: 300000, script: 30000}, unhandledPromptBehavior: dismiss and notify}
Session ID: ba5a4356-0042-42a7-aa68-ca39af361d7a
</failure>
    <system-out><![CDATA[  &amp#27;[31mAnd &amp#27;[0m&amp#27;[31mUser press login button&amp#27;[0m                                     &amp#27;[90m# StepDefinitions.DataTableSteps.userPressLoginButton(io.cucumber.datatable.DataTable)&amp#27;[0m
    | loginButton |
    | cooky       |
      &amp#27;[31morg.openqa.selenium.TimeoutException: Expected condition failed: waiting for element to be clickable: [[FirefoxDriver: firefox on MAC (ba5a4356-0042-42a7-aa68-ca39af361d7a)] -> xpath: //button[text()='Accept all cookies']] (tried for 30 second(s) with 500 milliseconds interval)
Build info: version: '4.3.0', revision: 'a4995e2c09*'
System info: host: 'computers-MBP.modem.local', ip: '192.168.1.187', os.name: 'Mac OS X', os.arch: 'x86_64', os.version: '10.15.7', java.version: '1.8.0_331'
Driver info: org.openqa.selenium.firefox.FirefoxDriver
Capabilities {acceptInsecureCerts: true, browserName: firefox, browserVersion: 104.0.2, moz:accessibilityChecks: false, moz:buildID: 20220902153754, moz:debuggerAddress: localhost:50936, moz:geckodriverVersion: 0.31.0, moz:headless: false, moz:platformVersion: 19.6.0, moz:processID: 7228, moz:profile: /var/folders/bw/vgwt5f2n3sx..., moz:shutdownTimeout: 60000, moz:useNonSpecCompliantPointerOrigin: false, moz:webdriverClick: true, moz:windowless: false, pageLoadStrategy: normal, platformName: MAC, proxy: Proxy(), se:cdp: ws://localhost:50936/devtoo..., se:cdpVersion: 85.0, setWindowRect: true, strictFileInteractability: false, timeouts: {implicit: 0, pageLoad: 300000, script: 30000}, unhandledPromptBehavior: dismiss and notify}
Session ID: ba5a4356-0042-42a7-aa68-ca39af361d7a
	at org.openqa.selenium.support.ui.WebDriverWait.timeoutException(WebDriverWait.java:87)
	at org.openqa.selenium.support.ui.FluentWait.until(FluentWait.java:231)
	at Pages.Parent.waitUntilClickable(Parent.java:21)
	at Pages.Parent.clickFunction(Parent.java:29)
	at Pages.Locators.findAndClick(Locators.java:50)
	at StepDefinitions.DataTableSteps.userPressLoginButton(DataTableSteps.java:28)
	at ✽.User press login button(file:///Users/computer/Documents/TECH.%20STUDY/IdeaProjects/SoftSkilCucumber/src/test/java/FeatureFiles/_2_DataTableLogin.feature:23)
&amp#27;[0m
  &amp#27;[36mThen &amp#27;[0m&amp#27;[36mUser should not login&amp#27;[0m                                      &amp#27;[90m# StepDefinitions.LoginSteps.userShouldNotLogin()&amp#27;[0m
Scenario ended
scenario result=FAILED
scenario isFailed ? = true
      &amp#27;[31mjava.lang.NullPointerException
	at StepDefinitions.Hooks.after(Hooks.java:45)
&amp#27;[0m
]]></system-out>
  </testcase>
  <testcase name="runScenario" classname="Runners._08_TestRunnerParallel_MasterReport" time="50.748">
    <failure message="Expected condition failed: waiting for element to be clickable: [[FirefoxDriver: firefox on MAC (ba5a4356-0042-42a7-aa68-ca39af361d7a)] -&gt; xpath: //button[text()=&apos;Accept all cookies&apos;]] (tried for 30 second(s) with 500 milliseconds interval)&#10;Build info: version: &apos;4.3.0&apos;, revision: &apos;a4995e2c09*&apos;&#10;System info: host: &apos;computers-MBP.modem.local&apos;, ip: &apos;192.168.1.187&apos;, os.name: &apos;Mac OS X&apos;, os.arch: &apos;x86_64&apos;, os.version: &apos;10.15.7&apos;, java.version: &apos;1.8.0_331&apos;&#10;Driver info: org.openqa.selenium.firefox.FirefoxDriver&#10;Capabilities {acceptInsecureCerts: true, browserName: firefox, browserVersion: 104.0.2, moz:accessibilityChecks: false, moz:buildID: 20220902153754, moz:debuggerAddress: localhost:50936, moz:geckodriverVersion: 0.31.0, moz:headless: false, moz:platformVersion: 19.6.0, moz:processID: 7228, moz:profile: /var/folders/bw/vgwt5f2n3sx..., moz:shutdownTimeout: 60000, moz:useNonSpecCompliantPointerOrigin: false, moz:webdriverClick: true, moz:windowless: false, pageLoadStrategy: normal, platformName: MAC, proxy: Proxy(), se:cdp: ws://localhost:50936/devtoo..., se:cdpVersion: 85.0, setWindowRect: true, strictFileInteractability: false, timeouts: {implicit: 0, pageLoad: 300000, script: 30000}, unhandledPromptBehavior: dismiss and notify}&#10;Session ID: ba5a4356-0042-42a7-aa68-ca39af361d7a" type="org.openqa.selenium.TimeoutException">org.openqa.selenium.TimeoutException: 
Expected condition failed: waiting for element to be clickable: [[FirefoxDriver: firefox on MAC (ba5a4356-0042-42a7-aa68-ca39af361d7a)] -> xpath: //button[text()='Accept all cookies']] (tried for 30 second(s) with 500 milliseconds interval)
Build info: version: '4.3.0', revision: 'a4995e2c09*'
System info: host: 'computers-MBP.modem.local', ip: '192.168.1.187', os.name: 'Mac OS X', os.arch: 'x86_64', os.version: '10.15.7', java.version: '1.8.0_331'
Driver info: org.openqa.selenium.firefox.FirefoxDriver
Capabilities {acceptInsecureCerts: true, browserName: firefox, browserVersion: 104.0.2, moz:accessibilityChecks: false, moz:buildID: 20220902153754, moz:debuggerAddress: localhost:50936, moz:geckodriverVersion: 0.31.0, moz:headless: false, moz:platformVersion: 19.6.0, moz:processID: 7228, moz:profile: /var/folders/bw/vgwt5f2n3sx..., moz:shutdownTimeout: 60000, moz:useNonSpecCompliantPointerOrigin: false, moz:webdriverClick: true, moz:windowless: false, pageLoadStrategy: normal, platformName: MAC, proxy: Proxy(), se:cdp: ws://localhost:50936/devtoo..., se:cdpVersion: 85.0, setWindowRect: true, strictFileInteractability: false, timeouts: {implicit: 0, pageLoad: 300000, script: 30000}, unhandledPromptBehavior: dismiss and notify}
Session ID: ba5a4356-0042-42a7-aa68-ca39af361d7a
</failure>
    <system-out><![CDATA[
@Regression
Scenario Outline: Login Failure with invalid username or password &amp#27;[90m# src/test/java/FeatureFiles/_2_DataTableLogin.feature:33&amp#27;[0m
Scenario started
  &amp#27;[32mGiven &amp#27;[0m&amp#27;[32mNavigate to CampusTechnoStudy&amp#27;[0m                             &amp#27;[90m# StepDefinitions.LoginSteps.navigateToCampusTechnoStudy()&amp#27;[0m
2
  &amp#27;[32mWhen &amp#27;[0m&amp#27;[32mUser sends username and password&amp#27;[0m                           &amp#27;[90m# StepDefinitions.DataTableSteps.userSendsUsernameAndPassword(io.cucumber.datatable.DataTable)&amp#27;[0m
    | username | mailman@Hotmail.com |
    | password | Hy333               |
  &amp#27;[31mAnd &amp#27;[0m&amp#27;[31mUser press login button&amp#27;[0m                                     &amp#27;[90m# StepDefinitions.DataTableSteps.userPressLoginButton(io.cucumber.datatable.DataTable)&amp#27;[0m
    | loginButton |
    | cooky       |
      &amp#27;[31morg.openqa.selenium.TimeoutException: Expected condition failed: waiting for element to be clickable: [[FirefoxDriver: firefox on MAC (ba5a4356-0042-42a7-aa68-ca39af361d7a)] -> xpath: //button[text()='Accept all cookies']] (tried for 30 second(s) with 500 milliseconds interval)
Build info: version: '4.3.0', revision: 'a4995e2c09*'
System info: host: 'computers-MBP.modem.local', ip: '192.168.1.187', os.name: 'Mac OS X', os.arch: 'x86_64', os.version: '10.15.7', java.version: '1.8.0_331'
Driver info: org.openqa.selenium.firefox.FirefoxDriver
Capabilities {acceptInsecureCerts: true, browserName: firefox, browserVersion: 104.0.2, moz:accessibilityChecks: false, moz:buildID: 20220902153754, moz:debuggerAddress: localhost:50936, moz:geckodriverVersion: 0.31.0, moz:headless: false, moz:platformVersion: 19.6.0, moz:processID: 7228, moz:profile: /var/folders/bw/vgwt5f2n3sx..., moz:shutdownTimeout: 60000, moz:useNonSpecCompliantPointerOrigin: false, moz:webdriverClick: true, moz:windowless: false, pageLoadStrategy: normal, platformName: MAC, proxy: Proxy(), se:cdp: ws://localhost:50936/devtoo..., se:cdpVersion: 85.0, setWindowRect: true, strictFileInteractability: false, timeouts: {implicit: 0, pageLoad: 300000, script: 30000}, unhandledPromptBehavior: dismiss and notify}
Session ID: ba5a4356-0042-42a7-aa68-ca39af361d7a
	at org.openqa.selenium.support.ui.WebDriverWait.timeoutException(WebDriverWait.java:87)
	at org.openqa.selenium.support.ui.FluentWait.until(FluentWait.java:231)
	at Pages.Parent.waitUntilClickable(Parent.java:21)
	at Pages.Parent.clickFunction(Parent.java:29)
	at Pages.Locators.findAndClick(Locators.java:50)
	at StepDefinitions.DataTableSteps.userPressLoginButton(DataTableSteps.java:28)
	at ✽.User press login button(file:///Users/computer/Documents/TECH.%20STUDY/IdeaProjects/SoftSkilCucumber/src/test/java/FeatureFiles/_2_DataTableLogin.feature:23)
&amp#27;[0m
  &amp#27;[36mThen &amp#27;[0m&amp#27;[36mUser should not login&amp#27;[0m                                      &amp#27;[90m# StepDefinitions.LoginSteps.userShouldNotLogin()&amp#27;[0m
Scenario ended
scenario result=FAILED
scenario isFailed ? = true
      &amp#27;[31mjava.lang.NullPointerException
	at StepDefinitions.Hooks.after(Hooks.java:45)
&amp#27;[0m
]]></system-out>
  </testcase>
</testsuite>